# JRE version: Java(TM) SE Runtime Environment (17.0.10+11) (build 17.0.10+11-LTS-240)
# Java VM: Java HotSpot(TM) 64-Bit Server VM (17.0.10+11-LTS-240, mixed mode, sharing, tiered, compressed oops, compressed class ptrs, g1 gc, windows-amd64)
GC Precious Log:
 CPUs: 8 total, 8 available
 Memory: 8089M
 Large Page Support: Disabled
 NUMA Support: Disabled
 Compressed Oops: Enabled (Zero based)
 Heap Region Size: 4M
 Heap Min Capacity: 512M
 Heap Initial Capacity: 512M
 Heap Max Capacity: 8G
 Pre-touch: Disabled
 Parallel Workers: 8
 Concurrent Workers: 2
 Concurrent Refinement Workers: 8
 Periodic GC: Disabled
Heap:
 garbage-first heap   total 1179648K, used 951053K [0x0000000600000000, 0x0000000800000000)
  region size 4096K, 2 young (8192K), 2 survivors (8192K)
 Metaspace       used 2159K, committed 2304K, reserved 1114112K
  class space    used 203K, committed 256K, reserved 1048576K
GC Heap History (20 events):
Event: 94.795 GC heap after
{Heap after GC invocations=7 (full 0):
 garbage-first heap   total 684032K, used 203072K [0x0000000600000000, 0x0000000800000000)
  region size 4096K, 0 young (0K), 0 survivors (0K)
 Metaspace       used 2015K, committed 2176K, reserved 1114112K
  class space    used 195K, committed 256K, reserved 1048576K
}
Event: 94.903 GC heap before
{Heap before GC invocations=7 (full 0):
 garbage-first heap   total 684032K, used 305472K [0x0000000600000000, 0x0000000800000000)
  region size 4096K, 8 young (32768K), 0 survivors (0K)
 Metaspace       used 2018K, committed 2176K, reserved 1114112K
  class space    used 195K, committed 256K, reserved 1048576K
}
Event: 94.904 GC heap after
{Heap after GC invocations=8 (full 0):
 garbage-first heap   total 684032K, used 276802K [0x0000000600000000, 0x0000000800000000)
  region size 4096K, 1 young (4096K), 1 survivors (4096K)
 Metaspace       used 2018K, committed 2176K, reserved 1114112K
  class space    used 195K, committed 256K, reserved 1048576K
}
Event: 94.954 GC heap before
{Heap before GC invocations=8 (full 0):
 garbage-first heap   total 684032K, used 301378K [0x0000000600000000, 0x0000000800000000)
  region size 4096K, 8 young (32768K), 1 survivors (4096K)
 Metaspace       used 2021K, committed 2176K, reserved 1114112K
  class space    used 195K, committed 256K, reserved 1048576K
}
Event: 94.955 GC heap after
{Heap after GC invocations=9 (full 0):
 garbage-first heap   total 684032K, used 276802K [0x0000000600000000, 0x0000000800000000)
  region size 4096K, 1 young (4096K), 1 survivors (4096K)
 Metaspace       used 2021K, committed 2176K, reserved 1114112K
  class space    used 195K, committed 256K, reserved 1048576K
}
Event: 95.036 GC heap before
{Heap before GC invocations=9 (full 0):
 garbage-first heap   total 684032K, used 305474K [0x0000000600000000, 0x0000000800000000)
  region size 4096K, 10 young (40960K), 1 survivors (4096K)
 Metaspace       used 2030K, committed 2176K, reserved 1114112K
  class space    used 195K, committed 256K, reserved 1048576K
}
Event: 95.036 GC heap after
{Heap after GC invocations=10 (full 0):
 garbage-first heap   total 684032K, used 276800K [0x0000000600000000, 0x0000000800000000)
  region size 4096K, 0 young (0K), 0 survivors (0K)
 Metaspace       used 2030K, committed 2176K, reserved 1114112K
  class space    used 195K, committed 256K, reserved 1048576K
}
Event: 95.538 GC heap before
{Heap before GC invocations=10 (full 0):
 garbage-first heap   total 684032K, used 567616K [0x0000000600000000, 0x0000000800000000)
  region size 4096K, 42 young (172032K), 0 survivors (0K)
 Metaspace       used 2059K, committed 2176K, reserved 1114112K
  class space    used 195K, committed 256K, reserved 1048576K
}
Event: 95.538 GC heap after
{Heap after GC invocations=11 (full 0):
 garbage-first heap   total 684032K, used 404896K [0x0000000600000000, 0x0000000800000000)
  region size 4096K, 1 young (4096K), 1 survivors (4096K)
 Metaspace       used 2059K, committed 2176K, reserved 1114112K
  class space    used 195K, committed 256K, reserved 1048576K
}
Event: 96.162 GC heap before
{Heap before GC invocations=12 (full 0):
 garbage-first heap   total 1011712K, used 765344K [0x0000000600000000, 0x0000000800000000)
  region size 4096K, 48 young (196608K), 1 survivors (4096K)
 Metaspace       used 2059K, committed 2176K, reserved 1114112K
  class space    used 195K, committed 256K, reserved 1048576K
}
Event: 96.163 GC heap after
{Heap after GC invocations=13 (full 0):
 garbage-first heap   total 1011712K, used 548178K [0x0000000600000000, 0x0000000800000000)
  region size 4096K, 1 young (4096K), 1 survivors (4096K)
 Metaspace       used 2059K, committed 2176K, reserved 1114112K
  class space    used 195K, committed 256K, reserved 1048576K
}
Event: 96.206 GC heap before
{Heap before GC invocations=13 (full 0):
 garbage-first heap   total 1011712K, used 564562K [0x0000000600000000, 0x0000000800000000)
  region size 4096K, 7 young (28672K), 1 survivors (4096K)
 Metaspace       used 2060K, committed 2176K, reserved 1114112K
  class space    used 195K, committed 256K, reserved 1048576K
}
Event: 96.207 GC heap after
{Heap after GC invocations=14 (full 0):
 garbage-first heap   total 1011712K, used 548264K [0x0000000600000000, 0x0000000800000000)
  region size 4096K, 1 young (4096K), 1 survivors (4096K)
 Metaspace       used 2060K, committed 2176K, reserved 1114112K
  class space    used 195K, committed 256K, reserved 1048576K
}
Event: 96.882 GC heap before
{Heap before GC invocations=15 (full 0):
 garbage-first heap   total 1040384K, used 933288K [0x0000000600000000, 0x0000000800000000)
  region size 4096K, 84 young (344064K), 1 survivors (4096K)
 Metaspace       used 2159K, committed 2304K, reserved 1114112K
  class space    used 203K, committed 256K, reserved 1048576K
}
Event: 97.143 GC heap after
{Heap after GC invocations=16 (full 0):
 garbage-first heap   total 1179648K, used 833832K [0x0000000600000000, 0x0000000800000000)
  region size 4096K, 11 young (45056K), 11 survivors (45056K)
 Metaspace       used 2159K, committed 2304K, reserved 1114112K
  class space    used 203K, committed 256K, reserved 1048576K
}
Event: 97.182 GC heap before
{Heap before GC invocations=16 (full 0):
 garbage-first heap   total 1179648K, used 850216K [0x0000000600000000, 0x0000000800000000)
  region size 4096K, 16 young (65536K), 11 survivors (45056K)
 Metaspace       used 2159K, committed 2304K, reserved 1114112K
  class space    used 203K, committed 256K, reserved 1048576K
}
Event: 97.220 GC heap after
{Heap after GC invocations=17 (full 0):
 garbage-first heap   total 1179648K, used 852749K [0x0000000600000000, 0x0000000800000000)
  region size 4096K, 2 young (8192K), 2 survivors (8192K)
 Metaspace       used 2159K, committed 2304K, reserved 1114112K
  class space    used 203K, committed 256K, reserved 1048576K
}
Event: 97.276 GC heap before
{Heap before GC invocations=17 (full 0):
 garbage-first heap   total 1179648K, used 897805K [0x0000000600000000, 0x0000000800000000)
  region size 4096K, 14 young (57344K), 2 survivors (8192K)
 Metaspace       used 2159K, committed 2304K, reserved 1114112K
  class space    used 203K, committed 256K, reserved 1048576K
}
Event: 97.290 GC heap after
{Heap after GC invocations=18 (full 0):
 garbage-first heap   total 1179648K, used 901901K [0x0000000600000000, 0x0000000800000000)
  region size 4096K, 2 young (8192K), 2 survivors (8192K)
 Metaspace       used 2159K, committed 2304K, reserved 1114112K
  class space    used 203K, committed 256K, reserved 1048576K
}
Event: 97.301 GC heap before
{Heap before GC invocations=18 (full 0):
 garbage-first heap   total 1179648K, used 946957K [0x0000000600000000, 0x0000000800000000)
  region size 4096K, 14 young (57344K), 2 survivors (8192K)
 Metaspace       used 2159K, committed 2304K, reserved 1114112K
  class space    used 203K, committed 256K, reserved 1048576K
}

