# JRE version: Java(TM) SE Runtime Environment (17.0.10+11) (build 17.0.10+11-LTS-240)
# Java VM: Java HotSpot(TM) 64-Bit Server VM (17.0.10+11-LTS-240, mixed mode, sharing, tiered, compressed oops, compressed class ptrs, g1 gc, windows-amd64)
GC Precious Log:
 CPUs: 8 total, 8 available
 Memory: 8089M
 Large Page Support: Disabled
 NUMA Support: Disabled
 Compressed Oops: Enabled (Zero based)
 Heap Region Size: 4M
 Heap Min Capacity: 512M
 Heap Initial Capacity: 512M
 Heap Max Capacity: 8G
 Pre-touch: Disabled
 Parallel Workers: 8
 Concurrent Workers: 2
 Concurrent Refinement Workers: 8
 Periodic GC: Disabled
Heap:
 garbage-first heap   total 1167360K, used 960808K [0x0000000600000000, 0x0000000800000000)
  region size 4096K, 2 young (8192K), 2 survivors (8192K)
 Metaspace       used 2173K, committed 2304K, reserved 1114112K
  class space    used 203K, committed 256K, reserved 1048576K
GC Heap History (20 events):
Event: 106.398 GC heap after
{Heap after GC invocations=8 (full 0):
 garbage-first heap   total 643072K, used 277308K [0x0000000600000000, 0x0000000800000000)
  region size 4096K, 1 young (4096K), 1 survivors (4096K)
 Metaspace       used 2033K, committed 2176K, reserved 1114112K
  class space    used 195K, committed 256K, reserved 1048576K
}
Event: 106.444 GC heap before
{Heap before GC invocations=8 (full 0):
 garbage-first heap   total 643072K, used 297788K [0x0000000600000000, 0x0000000800000000)
  region size 4096K, 7 young (28672K), 1 survivors (4096K)
 Metaspace       used 2043K, committed 2176K, reserved 1114112K
  class space    used 195K, committed 256K, reserved 1048576K
}
Event: 106.444 GC heap after
{Heap after GC invocations=9 (full 0):
 garbage-first heap   total 643072K, used 277308K [0x0000000600000000, 0x0000000800000000)
  region size 4096K, 1 young (4096K), 1 survivors (4096K)
 Metaspace       used 2043K, committed 2176K, reserved 1114112K
  class space    used 195K, committed 256K, reserved 1048576K
}
Event: 106.483 GC heap before
{Heap before GC invocations=9 (full 0):
 garbage-first heap   total 643072K, used 293692K [0x0000000600000000, 0x0000000800000000)
  region size 4096K, 7 young (28672K), 1 survivors (4096K)
 Metaspace       used 2043K, committed 2176K, reserved 1114112K
  class space    used 195K, committed 256K, reserved 1048576K
}
Event: 106.484 GC heap after
{Heap after GC invocations=10 (full 0):
 garbage-first heap   total 643072K, used 277306K [0x0000000600000000, 0x0000000800000000)
  region size 4096K, 0 young (0K), 0 survivors (0K)
 Metaspace       used 2043K, committed 2176K, reserved 1114112K
  class space    used 195K, committed 256K, reserved 1048576K
}
Event: 106.961 GC heap before
{Heap before GC invocations=10 (full 0):
 garbage-first heap   total 643072K, used 568122K [0x0000000600000000, 0x0000000800000000)
  region size 4096K, 42 young (172032K), 0 survivors (0K)
 Metaspace       used 2069K, committed 2240K, reserved 1114112K
  class space    used 195K, committed 256K, reserved 1048576K
}
Event: 106.963 GC heap after
{Heap after GC invocations=11 (full 0):
 garbage-first heap   total 643072K, used 405404K [0x0000000600000000, 0x0000000800000000)
  region size 4096K, 1 young (4096K), 1 survivors (4096K)
 Metaspace       used 2069K, committed 2240K, reserved 1114112K
  class space    used 195K, committed 256K, reserved 1048576K
}
Event: 107.812 GC heap before
{Heap before GC invocations=12 (full 0):
 garbage-first heap   total 1011712K, used 728988K [0x0000000600000000, 0x0000000800000000)
  region size 4096K, 39 young (159744K), 1 survivors (4096K)
 Metaspace       used 2070K, committed 2240K, reserved 1114112K
  class space    used 195K, committed 256K, reserved 1048576K
}
Event: 107.819 GC heap after
{Heap after GC invocations=13 (full 0):
 garbage-first heap   total 1011712K, used 548678K [0x0000000600000000, 0x0000000800000000)
  region size 4096K, 1 young (4096K), 1 survivors (4096K)
 Metaspace       used 2070K, committed 2240K, reserved 1114112K
  class space    used 195K, committed 256K, reserved 1048576K
}
Event: 108.082 GC heap before
{Heap before GC invocations=13 (full 0):
 garbage-first heap   total 1011712K, used 601926K [0x0000000600000000, 0x0000000800000000)
  region size 4096K, 16 young (65536K), 1 survivors (4096K)
 Metaspace       used 2073K, committed 2240K, reserved 1114112K
  class space    used 195K, committed 256K, reserved 1048576K
}
Event: 108.083 GC heap after
{Heap after GC invocations=14 (full 0):
 garbage-first heap   total 1011712K, used 548766K [0x0000000600000000, 0x0000000800000000)
  region size 4096K, 1 young (4096K), 1 survivors (4096K)
 Metaspace       used 2073K, committed 2240K, reserved 1114112K
  class space    used 195K, committed 256K, reserved 1048576K
}
Event: 108.208 GC heap before
{Heap before GC invocations=15 (full 0):
 garbage-first heap   total 1011712K, used 577438K [0x0000000600000000, 0x0000000800000000)
  region size 4096K, 6 young (24576K), 1 survivors (4096K)
 Metaspace       used 2073K, committed 2240K, reserved 1114112K
  class space    used 195K, committed 256K, reserved 1048576K
}
Event: 108.209 GC heap after
{Heap after GC invocations=16 (full 0):
 garbage-first heap   total 1011712K, used 565070K [0x0000000600000000, 0x0000000800000000)
  region size 4096K, 1 young (4096K), 1 survivors (4096K)
 Metaspace       used 2073K, committed 2240K, reserved 1114112K
  class space    used 195K, committed 256K, reserved 1048576K
}
Event: 109.259 GC heap before
{Heap before GC invocations=17 (full 0):
 garbage-first heap   total 1011712K, used 917326K [0x0000000600000000, 0x0000000800000000)
  region size 4096K, 80 young (327680K), 1 survivors (4096K)
 Metaspace       used 2173K, committed 2304K, reserved 1114112K
  class space    used 203K, committed 256K, reserved 1048576K
}
Event: 109.495 GC heap after
{Heap after GC invocations=18 (full 0):
 garbage-first heap   total 1167360K, used 836365K [0x0000000600000000, 0x0000000800000000)
  region size 4096K, 10 young (40960K), 10 survivors (40960K)
 Metaspace       used 2173K, committed 2304K, reserved 1114112K
  class space    used 203K, committed 256K, reserved 1048576K
}
Event: 109.618 GC heap before
{Heap before GC invocations=18 (full 0):
 garbage-first heap   total 1167360K, used 865037K [0x0000000600000000, 0x0000000800000000)
  region size 4096K, 18 young (73728K), 10 survivors (40960K)
 Metaspace       used 2173K, committed 2304K, reserved 1114112K
  class space    used 203K, committed 256K, reserved 1048576K
}
Event: 109.722 GC heap after
{Heap after GC invocations=19 (full 0):
 garbage-first heap   total 1167360K, used 866600K [0x0000000600000000, 0x0000000800000000)
  region size 4096K, 3 young (12288K), 3 survivors (12288K)
 Metaspace       used 2173K, committed 2304K, reserved 1114112K
  class space    used 203K, committed 256K, reserved 1048576K
}
Event: 109.821 GC heap before
{Heap before GC invocations=19 (full 0):
 garbage-first heap   total 1167360K, used 907560K [0x0000000600000000, 0x0000000800000000)
  region size 4096K, 14 young (57344K), 3 survivors (12288K)
 Metaspace       used 2173K, committed 2304K, reserved 1114112K
  class space    used 203K, committed 256K, reserved 1048576K
}
Event: 109.847 GC heap after
{Heap after GC invocations=20 (full 0):
 garbage-first heap   total 1167360K, used 911656K [0x0000000600000000, 0x0000000800000000)
  region size 4096K, 2 young (8192K), 2 survivors (8192K)
 Metaspace       used 2173K, committed 2304K, reserved 1114112K
  class space    used 203K, committed 256K, reserved 1048576K
}
Event: 109.856 GC heap before
{Heap before GC invocations=20 (full 0):
 garbage-first heap   total 1167360K, used 956712K [0x0000000600000000, 0x0000000800000000)
  region size 4096K, 14 young (57344K), 2 survivors (8192K)
 Metaspace       used 2173K, committed 2304K, reserved 1114112K
  class space    used 203K, committed 256K, reserved 1048576K
}

