# JRE version: Java(TM) SE Runtime Environment (17.0.10+11) (build 17.0.10+11-LTS-240)
# Java VM: Java HotSpot(TM) 64-Bit Server VM (17.0.10+11-LTS-240, mixed mode, sharing, tiered, compressed oops, compressed class ptrs, g1 gc, windows-amd64)
GC Precious Log:
 CPUs: 8 total, 8 available
 Memory: 8089M
 Large Page Support: Disabled
 NUMA Support: Disabled
 Compressed Oops: Enabled (Zero based)
 Heap Region Size: 4M
 Heap Min Capacity: 512M
 Heap Initial Capacity: 512M
 Heap Max Capacity: 8G
 Pre-touch: Disabled
 Parallel Workers: 8
 Concurrent Workers: 2
 Concurrent Refinement Workers: 8
 Periodic GC: Disabled
Heap:
 garbage-first heap   total 524288K, used 277262K [0x0000000600000000, 0x0000000800000000)
  region size 4096K, 1 young (4096K), 1 survivors (4096K)
 Metaspace       used 2022K, committed 2176K, reserved 1114112K
  class space    used 196K, committed 256K, reserved 1048576K
GC Heap History (15 events):
Event: 0.990 GC heap before
{Heap before GC invocations=0 (full 0):
 garbage-first heap   total 524288K, used 45056K [0x0000000600000000, 0x0000000800000000)
  region size 4096K, 6 young (24576K), 0 survivors (0K)
 Metaspace       used 1573K, committed 1664K, reserved 1114112K
  class space    used 148K, committed 192K, reserved 1048576K
}
Event: 1.011 GC heap after
{Heap after GC invocations=1 (full 0):
 garbage-first heap   total 524288K, used 42199K [0x0000000600000000, 0x0000000800000000)
  region size 4096K, 1 young (4096K), 1 survivors (4096K)
 Metaspace       used 1573K, committed 1664K, reserved 1114112K
  class space    used 148K, committed 192K, reserved 1048576K
}
Event: 6.552 GC heap before
{Heap before GC invocations=1 (full 0):
 garbage-first heap   total 524288K, used 87255K [0x0000000600000000, 0x0000000800000000)
  region size 4096K, 6 young (24576K), 1 survivors (4096K)
 Metaspace       used 1631K, committed 1792K, reserved 1114112K
  class space    used 155K, committed 192K, reserved 1048576K
}
Event: 6.571 GC heap after
{Heap after GC invocations=2 (full 0):
 garbage-first heap   total 524288K, used 88641K [0x0000000600000000, 0x0000000800000000)
  region size 4096K, 1 young (4096K), 1 survivors (4096K)
 Metaspace       used 1631K, committed 1792K, reserved 1114112K
  class space    used 155K, committed 192K, reserved 1048576K
}
Event: 7.059 GC heap before
{Heap before GC invocations=2 (full 0):
 garbage-first heap   total 524288K, used 232001K [0x0000000600000000, 0x0000000800000000)
  region size 4096K, 6 young (24576K), 1 survivors (4096K)
 Metaspace       used 2014K, committed 2176K, reserved 1114112K
  class space    used 196K, committed 256K, reserved 1048576K
}
Event: 7.078 GC heap after
{Heap after GC invocations=3 (full 0):
 garbage-first heap   total 524288K, used 203644K [0x0000000600000000, 0x0000000800000000)
  region size 4096K, 1 young (4096K), 1 survivors (4096K)
 Metaspace       used 2014K, committed 2176K, reserved 1114112K
  class space    used 196K, committed 256K, reserved 1048576K
}
Event: 7.133 GC heap before
{Heap before GC invocations=3 (full 0):
 garbage-first heap   total 524288K, used 220028K [0x0000000600000000, 0x0000000800000000)
  region size 4096K, 6 young (24576K), 1 survivors (4096K)
 Metaspace       used 2016K, committed 2176K, reserved 1114112K
  class space    used 196K, committed 256K, reserved 1048576K
}
Event: 7.135 GC heap after
{Heap after GC invocations=4 (full 0):
 garbage-first heap   total 524288K, used 203555K [0x0000000600000000, 0x0000000800000000)
  region size 4096K, 1 young (4096K), 1 survivors (4096K)
 Metaspace       used 2016K, committed 2176K, reserved 1114112K
  class space    used 196K, committed 256K, reserved 1048576K
}
Event: 7.243 GC heap before
{Heap before GC invocations=4 (full 0):
 garbage-first heap   total 524288K, used 244515K [0x0000000600000000, 0x0000000800000000)
  region size 4096K, 12 young (49152K), 1 survivors (4096K)
 Metaspace       used 2016K, committed 2176K, reserved 1114112K
  class space    used 196K, committed 256K, reserved 1048576K
}
Event: 7.244 GC heap after
{Heap after GC invocations=5 (full 0):
 garbage-first heap   total 524288K, used 203537K [0x0000000600000000, 0x0000000800000000)
  region size 4096K, 1 young (4096K), 1 survivors (4096K)
 Metaspace       used 2016K, committed 2176K, reserved 1114112K
  class space    used 196K, committed 256K, reserved 1048576K
}
Event: 7.290 GC heap before
{Heap before GC invocations=5 (full 0):
 garbage-first heap   total 524288K, used 219921K [0x0000000600000000, 0x0000000800000000)
  region size 4096K, 6 young (24576K), 1 survivors (4096K)
 Metaspace       used 2018K, committed 2176K, reserved 1114112K
  class space    used 196K, committed 256K, reserved 1048576K
}
Event: 7.290 GC heap after
{Heap after GC invocations=6 (full 0):
 garbage-first heap   total 524288K, used 203534K [0x0000000600000000, 0x0000000800000000)
  region size 4096K, 1 young (4096K), 1 survivors (4096K)
 Metaspace       used 2018K, committed 2176K, reserved 1114112K
  class space    used 196K, committed 256K, reserved 1048576K
}
Event: 7.299 GC heap before
{Heap before GC invocations=6 (full 0):
 garbage-first heap   total 524288K, used 203534K [0x0000000600000000, 0x0000000800000000)
  region size 4096K, 2 young (8192K), 1 survivors (4096K)
 Metaspace       used 2018K, committed 2176K, reserved 1114112K
  class space    used 196K, committed 256K, reserved 1048576K
}
Event: 7.302 GC heap after
{Heap after GC invocations=7 (full 0):
 garbage-first heap   total 524288K, used 203532K [0x0000000600000000, 0x0000000800000000)
  region size 4096K, 0 young (0K), 0 survivors (0K)
 Metaspace       used 2018K, committed 2176K, reserved 1114112K
  class space    used 196K, committed 256K, reserved 1048576K
}
Event: 7.540 GC heap before
{Heap before GC invocations=7 (full 0):
 garbage-first heap   total 524288K, used 297740K [0x0000000600000000, 0x0000000800000000)
  region size 4096K, 6 young (24576K), 0 survivors (0K)
 Metaspace       used 2022K, committed 2176K, reserved 1114112K
  class space    used 196K, committed 256K, reserved 1048576K
}

